<?xml version="1.0" encoding="UTF-8"?>
<!-- Generated by org.testng.reporters.JUnitReportReporter -->
<testsuite hostname="MBP-de-Tiago.lan" failures="0" tests="15" name="com.interview.coding.battleshipservice.service.GameServiceTest" time="0.032" errors="0" timestamp="2024-05-20T17:30:42 WEST" skipped="0">
  <testcase classname="com.interview.coding.battleshipservice.service.GameServiceTest" name="testDeployShipsAlreadyDeployed" time="0.001"/>
  <system-out/>
  <testcase classname="com.interview.coding.battleshipservice.service.GameServiceTest" name="testJoinFullGame" time="0.001"/>
  <system-out/>
  <testcase classname="com.interview.coding.battleshipservice.service.GameServiceTest" name="testFireWhenPlayersNotReady" time="0.001"/>
  <system-out/>
  <testcase classname="com.interview.coding.battleshipservice.service.GameServiceTest" name="testDeployShipsAndPlayersReady" time="0.002"/>
  <system-out/>
  <testcase classname="com.interview.coding.battleshipservice.service.GameServiceTest" name="testDeployShipsWithIncorrectShipType" time="0.002"/>
  <system-out/>
  <testcase classname="com.interview.coding.battleshipservice.service.GameServiceTest" name="testFireHit" time="0.004"/>
  <system-out/>
  <testcase classname="com.interview.coding.battleshipservice.service.GameServiceTest" name="testFireMiss" time="0.002"/>
  <system-out/>
  <testcase classname="com.interview.coding.battleshipservice.service.GameServiceTest" name="testFireSunkAndGameWon" time="0.001"/>
  <system-out/>
  <testcase classname="com.interview.coding.battleshipservice.service.GameServiceTest" name="testFireWhenIsNotPlayerTurnAndNeedToPingTheComputer" time="0.001"/>
  <system-out/>
  <testcase classname="com.interview.coding.battleshipservice.service.GameServiceTest" name="testJoinGame" time="0.000"/>
  <system-out/>
  <testcase classname="com.interview.coding.battleshipservice.service.GameServiceTest" name="testFireWhenGameIsAlreadyFinished" time="0.001"/>
  <system-out/>
  <testcase classname="com.interview.coding.battleshipservice.service.GameServiceTest" name="testNewGameVsComputer" time="0.000"/>
  <system-out/>
  <testcase classname="com.interview.coding.battleshipservice.service.GameServiceTest" name="testFireWhenIsNotPlayerTurn" time="0.000"/>
  <system-out/>
  <testcase classname="com.interview.coding.battleshipservice.service.GameServiceTest" name="testDeployShips" time="0.016"/>
  <system-out/>
  <testcase classname="com.interview.coding.battleshipservice.service.GameServiceTest" name="testNewGameVsHumanPlayer" time="0.000"/>
  <system-out/>
</testsuite> <!-- com.interview.coding.battleshipservice.service.GameServiceTest -->
