<?xml version="1.0" encoding="UTF-8"?>
<!-- Generated by org.testng.reporters.JUnitReportReporter -->
<testsuite hostname="MBP-de-Tiago.lan" failures="0" tests="4" name="com.interview.coding.battleshipservice.service.KafkaProducerServiceTest" time="0.003" errors="0" timestamp="2024-05-20T17:30:42 WEST" skipped="0">
  <testcase classname="com.interview.coding.battleshipservice.service.KafkaProducerServiceTest" name="testGameCreatedEvent" time="0.002"/>
  <system-out/>
  <testcase classname="com.interview.coding.battleshipservice.service.KafkaProducerServiceTest" name="testGameCreatedEventException" time="0.000"/>
  <system-out/>
  <testcase classname="com.interview.coding.battleshipservice.service.KafkaProducerServiceTest" name="testGameFireEventException" time="0.000"/>
  <system-out/>
  <testcase classname="com.interview.coding.battleshipservice.service.KafkaProducerServiceTest" name="testGameFireEvent" time="0.001"/>
  <system-out/>
</testsuite> <!-- com.interview.coding.battleshipservice.service.KafkaProducerServiceTest -->
