<?xml version="1.0" encoding="UTF-8"?>
<!-- Generated by org.testng.reporters.JUnitReportReporter -->
<testsuite hostname="MBP-de-Tiago.lan" failures="0" tests="4" name="com.interview.coding.battleshipservice.controller.GameControllerTest" time="0.045" errors="0" timestamp="2024-05-20T17:30:42 WEST" skipped="0">
  <testcase classname="com.interview.coding.battleshipservice.controller.GameControllerTest" name="testJoinGame" time="0.001"/>
  <system-out/>
  <testcase classname="com.interview.coding.battleshipservice.controller.GameControllerTest" name="testNewGame" time="0.000"/>
  <system-out/>
  <testcase classname="com.interview.coding.battleshipservice.controller.GameControllerTest" name="testFire" time="0.000"/>
  <system-out/>
  <testcase classname="com.interview.coding.battleshipservice.controller.GameControllerTest" name="testDeployShips" time="0.044"/>
  <system-out/>
</testsuite> <!-- com.interview.coding.battleshipservice.controller.GameControllerTest -->
