<?xml version="1.0" encoding="UTF-8"?>
<!-- Generated by org.testng.reporters.JUnitReportReporter -->
<testsuite hostname="MBP-de-Tiago.lan" failures="0" tests="4" name="com.interview.coding.battleshipservice.service.FieldServiceTest" time="0.003" errors="0" timestamp="2024-05-20T17:30:42 WEST" skipped="0">
  <testcase classname="com.interview.coding.battleshipservice.service.FieldServiceTest" name="testShipSunkPartialHit" time="0.001"/>
  <system-out/>
  <testcase classname="com.interview.coding.battleshipservice.service.FieldServiceTest" name="testBuildWater" time="0.000"/>
  <system-out/>
  <testcase classname="com.interview.coding.battleshipservice.service.FieldServiceTest" name="testBuildFieldShipsDeployment" time="0.001"/>
  <system-out/>
  <testcase classname="com.interview.coding.battleshipservice.service.FieldServiceTest" name="testShipSunkNoHit" time="0.001"/>
  <system-out/>
</testsuite> <!-- com.interview.coding.battleshipservice.service.FieldServiceTest -->
