<?xml version="1.0" encoding="UTF-8"?>
<!-- Generated by org.testng.reporters.JUnitReportReporter -->
<testsuite hostname="MBP-de-Tiago.lan" failures="0" tests="6" name="com.interview.coding.battleshipservice.util.ShipDeploymentValidatorTest" time="0.018" errors="0" timestamp="2024-05-20T17:30:42 WEST" skipped="0">
  <testcase classname="com.interview.coding.battleshipservice.util.ShipDeploymentValidatorTest" name="testValidateWithWrongShipLength" time="0.004"/>
  <system-out/>
  <testcase classname="com.interview.coding.battleshipservice.util.ShipDeploymentValidatorTest" name="testValidateWithDuplicatedShipType" time="0.002"/>
  <system-out/>
  <testcase classname="com.interview.coding.battleshipservice.util.ShipDeploymentValidatorTest" name="testValidateWithIncorrectShipsNumberDeployed" time="0.000"/>
  <system-out/>
  <testcase classname="com.interview.coding.battleshipservice.util.ShipDeploymentValidatorTest" name="testValidateWithShipOutOfGrid" time="0.001"/>
  <system-out/>
  <testcase classname="com.interview.coding.battleshipservice.util.ShipDeploymentValidatorTest" name="testValidateWithOverlappingShips" time="0.010"/>
  <system-out/>
  <testcase classname="com.interview.coding.battleshipservice.util.ShipDeploymentValidatorTest" name="testValidateWithValidDeployment" time="0.001"/>
  <system-out/>
</testsuite> <!-- com.interview.coding.battleshipservice.util.ShipDeploymentValidatorTest -->
