<?xml version="1.0" encoding="UTF-8"?>
<!-- Generated by org.testng.reporters.JUnitReportReporter -->
<testsuite hostname="MBP-de-Tiago.lan" failures="0" tests="2" name="com.interview.coding.battleshipservice.service.CoordinateServiceTest" time="0.001" errors="0" timestamp="2024-05-20T17:30:42 WEST" skipped="0">
  <testcase classname="com.interview.coding.battleshipservice.service.CoordinateServiceTest" name="testDecodeCoordinateA1" time="0.001"/>
  <system-out/>
  <testcase classname="com.interview.coding.battleshipservice.service.CoordinateServiceTest" name="testDecodeWrongCoordinatePattern" time="0.000"/>
  <system-out/>
</testsuite> <!-- com.interview.coding.battleshipservice.service.CoordinateServiceTest -->
