<?xml version="1.0" encoding="UTF-8"?>
<!-- Generated by org.testng.reporters.JUnitReportReporter -->
<testsuite hostname="MBP-de-Tiago.lan" failures="0" tests="1" name="com.interview.coding.battleshipcomputerservice.service.CoordinateServiceTest" time="0.000" errors="0" timestamp="2024-05-20T17:30:44 WEST" skipped="0">
  <testcase classname="com.interview.coding.battleshipcomputerservice.service.CoordinateServiceTest" name="testRandomCoordinate" time="0.000"/>
  <system-out/>
</testsuite> <!-- com.interview.coding.battleshipcomputerservice.service.CoordinateServiceTest -->
