<?xml version="1.0" encoding="UTF-8"?>
<!-- Generated by org.testng.reporters.JUnitReportReporter -->
<testsuite hostname="MBP-de-Tiago.lan" failures="0" tests="2" name="com.interview.coding.battleshipcomputerservice.controller.KafkaMDBTest" time="0.087" errors="0" timestamp="2024-05-20T17:30:44 WEST" skipped="0">
  <testcase classname="com.interview.coding.battleshipcomputerservice.controller.KafkaMDBTest" name="testOnGameNew" time="0.001"/>
  <system-out/>
  <testcase classname="com.interview.coding.battleshipcomputerservice.controller.KafkaMDBTest" name="testOnGameFieldFire" time="0.086"/>
  <system-out/>
</testsuite> <!-- com.interview.coding.battleshipcomputerservice.controller.KafkaMDBTest -->
