<?xml version="1.0" encoding="UTF-8"?>
<!-- Generated by org.testng.reporters.JUnitReportReporter -->
<testsuite hostname="MBP-de-Tiago.lan" failures="0" tests="3" name="com.interview.coding.battleshipcomputerservice.service.BattleshipServiceTest" time="0.609" errors="0" timestamp="2024-05-20T17:30:44 WEST" skipped="0">
  <testcase classname="com.interview.coding.battleshipcomputerservice.service.BattleshipServiceTest" name="testJoinGame" time="0.001"/>
  <system-out/>
  <testcase classname="com.interview.coding.battleshipcomputerservice.service.BattleshipServiceTest" name="testFire" time="0.607"/>
  <system-out/>
  <testcase classname="com.interview.coding.battleshipcomputerservice.service.BattleshipServiceTest" name="testDeployShips" time="0.001"/>
  <system-out/>
</testsuite> <!-- com.interview.coding.battleshipcomputerservice.service.BattleshipServiceTest -->
