<?xml version="1.0" encoding="UTF-8"?>
<!-- Generated by org.testng.reporters.JUnitReportReporter -->
<testsuite hostname="MBP-de-Tiago.lan" failures="0" tests="7" name="com.interview.coding.battleshipcomputerservice.service.BattleshipClientTest" time="0.257" errors="0" timestamp="2024-05-20T17:30:44 WEST" skipped="0">
  <testcase classname="com.interview.coding.battleshipcomputerservice.service.BattleshipClientTest" name="testJoinGameOnBadRequest" time="0.000"/>
  <system-out/>
  <testcase classname="com.interview.coding.battleshipcomputerservice.service.BattleshipClientTest" name="testNewInstance" time="0.216"/>
  <system-out/>
  <testcase classname="com.interview.coding.battleshipcomputerservice.service.BattleshipClientTest" name="testFire" time="0.001"/>
  <system-out/>
  <testcase classname="com.interview.coding.battleshipcomputerservice.service.BattleshipClientTest" name="testDeployShipsOnBadRequest" time="0.035"/>
  <system-out/>
  <testcase classname="com.interview.coding.battleshipcomputerservice.service.BattleshipClientTest" name="testDeployShips" time="0.003"/>
  <system-out/>
  <testcase classname="com.interview.coding.battleshipcomputerservice.service.BattleshipClientTest" name="testJoinGame" time="0.001"/>
  <system-out/>
  <testcase classname="com.interview.coding.battleshipcomputerservice.service.BattleshipClientTest" name="testFireOnBadRequest" time="0.001"/>
  <system-out/>
</testsuite> <!-- com.interview.coding.battleshipcomputerservice.service.BattleshipClientTest -->
