<?xml version="1.0" encoding="UTF-8"?>
<testsuite xmlns:xsi="http://www.w3.org/2001/XMLSchema-instance" xsi:noNamespaceSchemaLocation="https://maven.apache.org/surefire/maven-surefire-plugin/xsd/surefire-test-report.xsd" name="TestSuite" time="1.157" tests="14" errors="0" skipped="0" failures="0">
  <properties>
    <property name="gopherProxySet" value="false"/>
    <property name="awt.toolkit" value="sun.lwawt.macosx.LWCToolkit"/>
    <property name="java.specification.version" value="11"/>
    <property name="sun.cpu.isalist" value=""/>
    <property name="sun.jnu.encoding" value="UTF-8"/>
    <property name="java.class.path" value="/Users/tmendonca/Work/senior-challenge/battleship-computer-service/target/test-classes:/Users/tmendonca/Work/senior-challenge/battleship-computer-service/target/classes:/Users/tmendonca/.m2/repository/org/jboss/ejb3/jboss-ejb3-ext-api/2.3.0.Final/jboss-ejb3-ext-api-2.3.0.Final.jar:/Users/tmendonca/.m2/repository/javax/javaee-api/7.0/javaee-api-7.0.jar:/Users/tmendonca/.m2/repository/com/sun/mail/javax.mail/1.5.0/javax.mail-1.5.0.jar:/Users/tmendonca/.m2/repository/javax/activation/activation/1.1/activation-1.1.jar:/Users/tmendonca/.m2/repository/org/slf4j/slf4j-api/1.7.30/slf4j-api-1.7.30.jar:/Users/tmendonca/.m2/repository/org/mapstruct/mapstruct/1.4.1.Final/mapstruct-1.4.1.Final.jar:/Users/tmendonca/.m2/repository/com/google/code/gson/gson/2.8.6/gson-2.8.6.jar:/Users/tmendonca/.m2/repository/fish/payara/cloud/connectors/kafka/kafka-jca-api/0.6.0/kafka-jca-api-0.6.0.jar:/Users/tmendonca/.m2/repository/org/apache/kafka/kafka-clients/2.5.0/kafka-clients-2.5.0.jar:/Users/tmendonca/.m2/repository/com/github/luben/zstd-jni/1.4.4-7/zstd-jni-1.4.4-7.jar:/Users/tmendonca/.m2/repository/org/lz4/lz4-java/1.7.1/lz4-java-1.7.1.jar:/Users/tmendonca/.m2/repository/org/xerial/snappy/snappy-java/1.1.7.3/snappy-java-1.1.7.3.jar:/Users/tmendonca/Work/senior-challenge/battleship-api/target/classes:/Users/tmendonca/.m2/repository/org/testng/testng/7.3.0/testng-7.3.0.jar:/Users/tmendonca/.m2/repository/com/beust/jcommander/1.78/jcommander-1.78.jar:/Users/tmendonca/.m2/repository/org/apache/ant/ant/1.10.3/ant-1.10.3.jar:/Users/tmendonca/.m2/repository/org/apache/ant/ant-launcher/1.10.3/ant-launcher-1.10.3.jar:/Users/tmendonca/.m2/repository/junit/junit/4.12/junit-4.12.jar:/Users/tmendonca/.m2/repository/org/hamcrest/hamcrest-core/1.3/hamcrest-core-1.3.jar:/Users/tmendonca/.m2/repository/com/google/inject/guice/4.2.2/guice-4.2.2-no_aop.jar:/Users/tmendonca/.m2/repository/javax/inject/javax.inject/1/javax.inject-1.jar:/Users/tmendonca/.m2/repository/aopalliance/aopalliance/1.0/aopalliance-1.0.jar:/Users/tmendonca/.m2/repository/com/google/guava/guava/25.1-android/guava-25.1-android.jar:/Users/tmendonca/.m2/repository/com/google/code/findbugs/jsr305/3.0.2/jsr305-3.0.2.jar:/Users/tmendonca/.m2/repository/org/checkerframework/checker-compat-qual/2.0.0/checker-compat-qual-2.0.0.jar:/Users/tmendonca/.m2/repository/com/google/errorprone/error_prone_annotations/2.1.3/error_prone_annotations-2.1.3.jar:/Users/tmendonca/.m2/repository/com/google/j2objc/j2objc-annotations/1.1/j2objc-annotations-1.1.jar:/Users/tmendonca/.m2/repository/org/codehaus/mojo/animal-sniffer-annotations/1.14/animal-sniffer-annotations-1.14.jar:/Users/tmendonca/.m2/repository/org/yaml/snakeyaml/1.21/snakeyaml-1.21.jar:/Users/tmendonca/.m2/repository/org/mockito/mockito-all/1.10.19/mockito-all-1.10.19.jar:/Users/tmendonca/.m2/repository/org/jboss/resteasy/resteasy-client/4.5.8.Final/resteasy-client-4.5.8.Final.jar:/Users/tmendonca/.m2/repository/org/jboss/resteasy/resteasy-client-api/4.5.8.Final/resteasy-client-api-4.5.8.Final.jar:/Users/tmendonca/.m2/repository/org/jboss/resteasy/resteasy-core-spi/4.5.8.Final/resteasy-core-spi-4.5.8.Final.jar:/Users/tmendonca/.m2/repository/org/jboss/spec/javax/xml/bind/jboss-jaxb-api_2.3_spec/1.0.1.Final/jboss-jaxb-api_2.3_spec-1.0.1.Final.jar:/Users/tmendonca/.m2/repository/org/reactivestreams/reactive-streams/1.0.3/reactive-streams-1.0.3.jar:/Users/tmendonca/.m2/repository/jakarta/validation/jakarta.validation-api/2.0.2/jakarta.validation-api-2.0.2.jar:/Users/tmendonca/.m2/repository/org/jboss/spec/javax/annotation/jboss-annotations-api_1.3_spec/2.0.1.Final/jboss-annotations-api_1.3_spec-2.0.1.Final.jar:/Users/tmendonca/.m2/repository/com/sun/activation/jakarta.activation/1.2.1/jakarta.activation-1.2.1.jar:/Users/tmendonca/.m2/repository/org/jboss/resteasy/resteasy-core/4.5.8.Final/resteasy-core-4.5.8.Final.jar:/Users/tmendonca/.m2/repository/com/ibm/async/asyncutil/0.1.0/asyncutil-0.1.0.jar:/Users/tmendonca/.m2/repository/org/eclipse/microprofile/config/microprofile-config-api/1.4/microprofile-config-api-1.4.jar:/Users/tmendonca/.m2/repository/io/smallrye/config/smallrye-config/1.6.1/smallrye-config-1.6.1.jar:/Users/tmendonca/.m2/repository/io/smallrye/config/smallrye-config-common/1.6.1/smallrye-config-common-1.6.1.jar:/Users/tmendonca/.m2/repository/org/jboss/logging/jboss-logging/3.3.2.Final/jboss-logging-3.3.2.Final.jar:/Users/tmendonca/.m2/repository/org/apache/httpcomponents/httpclient/4.5.12/httpclient-4.5.12.jar:/Users/tmendonca/.m2/repository/org/apache/httpcomponents/httpcore/4.4.13/httpcore-4.4.13.jar:/Users/tmendonca/.m2/repository/commons-logging/commons-logging/1.2/commons-logging-1.2.jar:/Users/tmendonca/.m2/repository/commons-codec/commons-codec/1.13/commons-codec-1.13.jar:/Users/tmendonca/.m2/repository/commons-io/commons-io/2.5/commons-io-2.5.jar:/Users/tmendonca/.m2/repository/org/jboss/spec/javax/ws/rs/jboss-jaxrs-api_2.1_spec/2.0.1.Final/jboss-jaxrs-api_2.1_spec-2.0.1.Final.jar:"/>
    <property name="java.vm.vendor" value="Eclipse Adoptium"/>
    <property name="sun.arch.data.model" value="64"/>
    <property name="java.vendor.url" value="https://adoptium.net/"/>
    <property name="user.timezone" value=""/>
    <property name="java.vm.specification.version" value="11"/>
    <property name="os.name" value="Mac OS X"/>
    <property name="sun.java.launcher" value="SUN_STANDARD"/>
    <property name="user.country" value="PT"/>
    <property name="sun.boot.library.path" value="/Library/Java/JavaVirtualMachines/temurin-11.jdk/Contents/Home/lib"/>
    <property name="sun.java.command" value="/Users/tmendonca/Work/senior-challenge/battleship-computer-service/target/surefire/surefirebooter10907218164468583458.jar /Users/tmendonca/Work/senior-challenge/battleship-computer-service/target/surefire 2024-05-20T17-30-41_492-jvmRun1 surefire5652469569745287660tmp surefire_14318836596410362016tmp"/>
    <property name="http.nonProxyHosts" value="local|*.local|169.254/16|*.169.254/16"/>
    <property name="jdk.debug" value="release"/>
    <property name="surefire.test.class.path" value="/Users/tmendonca/Work/senior-challenge/battleship-computer-service/target/test-classes:/Users/tmendonca/Work/senior-challenge/battleship-computer-service/target/classes:/Users/tmendonca/.m2/repository/org/jboss/ejb3/jboss-ejb3-ext-api/2.3.0.Final/jboss-ejb3-ext-api-2.3.0.Final.jar:/Users/tmendonca/.m2/repository/javax/javaee-api/7.0/javaee-api-7.0.jar:/Users/tmendonca/.m2/repository/com/sun/mail/javax.mail/1.5.0/javax.mail-1.5.0.jar:/Users/tmendonca/.m2/repository/javax/activation/activation/1.1/activation-1.1.jar:/Users/tmendonca/.m2/repository/org/slf4j/slf4j-api/1.7.30/slf4j-api-1.7.30.jar:/Users/tmendonca/.m2/repository/org/mapstruct/mapstruct/1.4.1.Final/mapstruct-1.4.1.Final.jar:/Users/tmendonca/.m2/repository/com/google/code/gson/gson/2.8.6/gson-2.8.6.jar:/Users/tmendonca/.m2/repository/fish/payara/cloud/connectors/kafka/kafka-jca-api/0.6.0/kafka-jca-api-0.6.0.jar:/Users/tmendonca/.m2/repository/org/apache/kafka/kafka-clients/2.5.0/kafka-clients-2.5.0.jar:/Users/tmendonca/.m2/repository/com/github/luben/zstd-jni/1.4.4-7/zstd-jni-1.4.4-7.jar:/Users/tmendonca/.m2/repository/org/lz4/lz4-java/1.7.1/lz4-java-1.7.1.jar:/Users/tmendonca/.m2/repository/org/xerial/snappy/snappy-java/1.1.7.3/snappy-java-1.1.7.3.jar:/Users/tmendonca/Work/senior-challenge/battleship-api/target/classes:/Users/tmendonca/.m2/repository/org/testng/testng/7.3.0/testng-7.3.0.jar:/Users/tmendonca/.m2/repository/com/beust/jcommander/1.78/jcommander-1.78.jar:/Users/tmendonca/.m2/repository/org/apache/ant/ant/1.10.3/ant-1.10.3.jar:/Users/tmendonca/.m2/repository/org/apache/ant/ant-launcher/1.10.3/ant-launcher-1.10.3.jar:/Users/tmendonca/.m2/repository/junit/junit/4.12/junit-4.12.jar:/Users/tmendonca/.m2/repository/org/hamcrest/hamcrest-core/1.3/hamcrest-core-1.3.jar:/Users/tmendonca/.m2/repository/com/google/inject/guice/4.2.2/guice-4.2.2-no_aop.jar:/Users/tmendonca/.m2/repository/javax/inject/javax.inject/1/javax.inject-1.jar:/Users/tmendonca/.m2/repository/aopalliance/aopalliance/1.0/aopalliance-1.0.jar:/Users/tmendonca/.m2/repository/com/google/guava/guava/25.1-android/guava-25.1-android.jar:/Users/tmendonca/.m2/repository/com/google/code/findbugs/jsr305/3.0.2/jsr305-3.0.2.jar:/Users/tmendonca/.m2/repository/org/checkerframework/checker-compat-qual/2.0.0/checker-compat-qual-2.0.0.jar:/Users/tmendonca/.m2/repository/com/google/errorprone/error_prone_annotations/2.1.3/error_prone_annotations-2.1.3.jar:/Users/tmendonca/.m2/repository/com/google/j2objc/j2objc-annotations/1.1/j2objc-annotations-1.1.jar:/Users/tmendonca/.m2/repository/org/codehaus/mojo/animal-sniffer-annotations/1.14/animal-sniffer-annotations-1.14.jar:/Users/tmendonca/.m2/repository/org/yaml/snakeyaml/1.21/snakeyaml-1.21.jar:/Users/tmendonca/.m2/repository/org/mockito/mockito-all/1.10.19/mockito-all-1.10.19.jar:/Users/tmendonca/.m2/repository/org/jboss/resteasy/resteasy-client/4.5.8.Final/resteasy-client-4.5.8.Final.jar:/Users/tmendonca/.m2/repository/org/jboss/resteasy/resteasy-client-api/4.5.8.Final/resteasy-client-api-4.5.8.Final.jar:/Users/tmendonca/.m2/repository/org/jboss/resteasy/resteasy-core-spi/4.5.8.Final/resteasy-core-spi-4.5.8.Final.jar:/Users/tmendonca/.m2/repository/org/jboss/spec/javax/xml/bind/jboss-jaxb-api_2.3_spec/1.0.1.Final/jboss-jaxb-api_2.3_spec-1.0.1.Final.jar:/Users/tmendonca/.m2/repository/org/reactivestreams/reactive-streams/1.0.3/reactive-streams-1.0.3.jar:/Users/tmendonca/.m2/repository/jakarta/validation/jakarta.validation-api/2.0.2/jakarta.validation-api-2.0.2.jar:/Users/tmendonca/.m2/repository/org/jboss/spec/javax/annotation/jboss-annotations-api_1.3_spec/2.0.1.Final/jboss-annotations-api_1.3_spec-2.0.1.Final.jar:/Users/tmendonca/.m2/repository/com/sun/activation/jakarta.activation/1.2.1/jakarta.activation-1.2.1.jar:/Users/tmendonca/.m2/repository/org/jboss/resteasy/resteasy-core/4.5.8.Final/resteasy-core-4.5.8.Final.jar:/Users/tmendonca/.m2/repository/com/ibm/async/asyncutil/0.1.0/asyncutil-0.1.0.jar:/Users/tmendonca/.m2/repository/org/eclipse/microprofile/config/microprofile-config-api/1.4/microprofile-config-api-1.4.jar:/Users/tmendonca/.m2/repository/io/smallrye/config/smallrye-config/1.6.1/smallrye-config-1.6.1.jar:/Users/tmendonca/.m2/repository/io/smallrye/config/smallrye-config-common/1.6.1/smallrye-config-common-1.6.1.jar:/Users/tmendonca/.m2/repository/org/jboss/logging/jboss-logging/3.3.2.Final/jboss-logging-3.3.2.Final.jar:/Users/tmendonca/.m2/repository/org/apache/httpcomponents/httpclient/4.5.12/httpclient-4.5.12.jar:/Users/tmendonca/.m2/repository/org/apache/httpcomponents/httpcore/4.4.13/httpcore-4.4.13.jar:/Users/tmendonca/.m2/repository/commons-logging/commons-logging/1.2/commons-logging-1.2.jar:/Users/tmendonca/.m2/repository/commons-codec/commons-codec/1.13/commons-codec-1.13.jar:/Users/tmendonca/.m2/repository/commons-io/commons-io/2.5/commons-io-2.5.jar:/Users/tmendonca/.m2/repository/org/jboss/spec/javax/ws/rs/jboss-jaxrs-api_2.1_spec/2.0.1.Final/jboss-jaxrs-api_2.1_spec-2.0.1.Final.jar:"/>
    <property name="sun.cpu.endian" value="little"/>
    <property name="user.home" value="/Users/tmendonca"/>
    <property name="user.language" value="pt"/>
    <property name="java.specification.vendor" value="Oracle Corporation"/>
    <property name="java.version.date" value="2023-01-17"/>
    <property name="java.home" value="/Library/Java/JavaVirtualMachines/temurin-11.jdk/Contents/Home"/>
    <property name="testng.dtd.http" value="true"/>
    <property name="file.separator" value="/"/>
    <property name="basedir" value="/Users/tmendonca/Work/senior-challenge/battleship-computer-service"/>
    <property name="java.vm.compressedOopsMode" value="Zero based"/>
    <property name="line.separator" value="&#10;"/>
    <property name="java.specification.name" value="Java Platform API Specification"/>
    <property name="java.vm.specification.vendor" value="Oracle Corporation"/>
    <property name="java.awt.graphicsenv" value="sun.awt.CGraphicsEnvironment"/>
    <property name="surefire.real.class.path" value="/Users/tmendonca/Work/senior-challenge/battleship-computer-service/target/surefire/surefirebooter10907218164468583458.jar"/>
    <property name="sun.management.compiler" value="HotSpot 64-Bit Tiered Compilers"/>
    <property name="ftp.nonProxyHosts" value="local|*.local|169.254/16|*.169.254/16"/>
    <property name="java.runtime.version" value="11.0.18+10"/>
    <property name="user.name" value="tmendonca"/>
    <property name="path.separator" value=":"/>
    <property name="os.version" value="13.2"/>
    <property name="java.runtime.name" value="OpenJDK Runtime Environment"/>
    <property name="file.encoding" value="UTF-8"/>
    <property name="java.vm.name" value="OpenJDK 64-Bit Server VM"/>
    <property name="java.vendor.version" value="Temurin-11.0.18+10"/>
    <property name="localRepository" value="/Users/tmendonca/.m2/repository"/>
    <property name="java.vendor.url.bug" value="https://github.com/adoptium/adoptium-support/issues"/>
    <property name="java.io.tmpdir" value="/var/folders/yq/0wy67dbx4_v0_28sx5xkhhtw0000gn/T/"/>
    <property name="idea.version" value="2023.1"/>
    <property name="java.version" value="11.0.18"/>
    <property name="user.dir" value="/Users/tmendonca/Work/senior-challenge/battleship-computer-service"/>
    <property name="os.arch" value="aarch64"/>
    <property name="java.vm.specification.name" value="Java Virtual Machine Specification"/>
    <property name="java.awt.printerjob" value="sun.lwawt.macosx.CPrinterJob"/>
    <property name="sun.os.patch.level" value="unknown"/>
    <property name="java.library.path" value="/Users/tmendonca/Library/Java/Extensions:/Library/Java/Extensions:/Network/Library/Java/Extensions:/System/Library/Java/Extensions:/usr/lib/java:."/>
    <property name="java.vm.info" value="mixed mode"/>
    <property name="java.vendor" value="Eclipse Adoptium"/>
    <property name="java.vm.version" value="11.0.18+10"/>
    <property name="sun.io.unicode.encoding" value="UnicodeBig"/>
    <property name="java.class.version" value="55.0"/>
    <property name="socksNonProxyHosts" value="local|*.local|169.254/16|*.169.254/16"/>
  </properties>
  <testcase name="testPing" classname="com.interview.coding.battleshipcomputerservice.controller.EngineeringControllerTest" time="0.002"/>
  <testcase name="testOnGameFieldFire" classname="com.interview.coding.battleshipcomputerservice.controller.KafkaMDBTest" time="0.017"/>
  <testcase name="testOnGameNew" classname="com.interview.coding.battleshipcomputerservice.controller.KafkaMDBTest" time="0.001"/>
  <testcase name="testDeployShips" classname="com.interview.coding.battleshipcomputerservice.service.BattleshipClientTest" time="0.001"/>
  <testcase name="testDeployShipsOnBadRequest" classname="com.interview.coding.battleshipcomputerservice.service.BattleshipClientTest" time="0.001"/>
  <testcase name="testFire" classname="com.interview.coding.battleshipcomputerservice.service.BattleshipClientTest" time="0"/>
  <testcase name="testFireOnBadRequest" classname="com.interview.coding.battleshipcomputerservice.service.BattleshipClientTest" time="0"/>
  <testcase name="testJoinGame" classname="com.interview.coding.battleshipcomputerservice.service.BattleshipClientTest" time="0"/>
  <testcase name="testJoinGameOnBadRequest" classname="com.interview.coding.battleshipcomputerservice.service.BattleshipClientTest" time="0.001"/>
  <testcase name="testNewInstance" classname="com.interview.coding.battleshipcomputerservice.service.BattleshipClientTest" time="0.215"/>
  <testcase name="testRandomCoordinate" classname="com.interview.coding.battleshipcomputerservice.service.CoordinateServiceTest" time="0"/>
  <testcase name="testDeployShips" classname="com.interview.coding.battleshipcomputerservice.service.BattleshipServiceTest" time="0"/>
  <testcase name="testFire" classname="com.interview.coding.battleshipcomputerservice.service.BattleshipServiceTest" time="0.605"/>
  <testcase name="testJoinGame" classname="com.interview.coding.battleshipcomputerservice.service.BattleshipServiceTest" time="0"/>
</testsuite>